main.obj : error LNK2019: unresolved external symbol __imp__glewInit@0 referenced in function "void __cdecl initializedGL(void)" (?initializedGL@@YAXXZ)
main.obj : error LNK2019: unresolved external symbol _glfwInit referenced in function _main
main.obj : error LNK2019: unresolved external symbol _glfwTerminate referenced in function _main
main.obj : error LNK2019: unresolved external symbol _glfwWindowHint referenced in function _main
main.obj : error LNK2019: unresolved external symbol _glfwCreateWindow referenced in function _main
main.obj : error LNK2019: unresolved external symbol _glfwWindowShouldClose referenced in function _main
main.obj : error LNK2019: unresolved external symbol _glfwSetFramebufferSizeCallback referenced in function _main
main.obj : error LNK2019: unresolved external symbol _glfwPollEvents referenced in function _main
main.obj : error LNK2019: unresolved external symbol _glfwSetKeyCallback referenced in function _main
main.obj : error LNK2019: unresolved external symbol _glfwSetMouseButtonCallback referenced in function _main
main.obj : error LNK2019: unresolved external symbol _glfwSetCursorPosCallback referenced in function _main
main.obj : error LNK2019: unresolved external symbol _glfwSetScrollCallback referenced in function _main
main.obj : error LNK2019: unresolved external symbol _glfwMakeContextCurrent referenced in function _main
main.obj : error LNK2019: unresolved external symbol _glfwSwapBuffers referenced in function _main
Shader.obj : error LNK2019: unresolved external symbol __imp____glewAttachShader referenced in function "public: void __thiscall Shader::setupShader(char const *,char const *)" (?setupShader@Shader@@QAEXPBD0@Z)
Shader.obj : error LNK2019: unresolved external symbol __imp____glewCompileShader referenced in function "public: void __thiscall Shader::setupShader(char const *,char const *)" (?setupShader@Shader@@QAEXPBD0@Z)
Shader.obj : error LNK2019: unresolved external symbol __imp____glewCreateProgram referenced in function "public: void __thiscall Shader::setupShader(char const *,char const *)" (?setupShader@Shader@@QAEXPBD0@Z)
Shader.obj : error LNK2019: unresolved external symbol __imp____glewCreateShader referenced in function "public: void __thiscall Shader::setupShader(char const *,char const *)" (?setupShader@Shader@@QAEXPBD0@Z)
Shader.obj : error LNK2019: unresolved external symbol __imp____glewDeleteShader referenced in function "public: void __thiscall Shader::setupShader(char const *,char const *)" (?setupShader@Shader@@QAEXPBD0@Z)
Shader.obj : error LNK2019: unresolved external symbol __imp____glewGetProgramInfoLog referenced in function "private: bool __thiscall Shader::checkProgramStatus(unsigned int)const " (?checkProgramStatus@Shader@@ABE_NI@Z)
Shader.obj : error LNK2019: unresolved external symbol __imp____glewGetProgramiv referenced in function "private: bool __thiscall Shader::checkProgramStatus(unsigned int)const " (?checkProgramStatus@Shader@@ABE_NI@Z)
Shader.obj : error LNK2019: unresolved external symbol __imp____glewGetShaderInfoLog referenced in function "private: bool __thiscall Shader::checkShaderStatus(unsigned int)const " (?checkShaderStatus@Shader@@ABE_NI@Z)
Shader.obj : error LNK2019: unresolved external symbol __imp____glewGetShaderiv referenced in function "private: bool __thiscall Shader::checkShaderStatus(unsigned int)const " (?checkShaderStatus@Shader@@ABE_NI@Z)
Shader.obj : error LNK2019: unresolved external symbol __imp____glewGetUniformLocation referenced in function "public: void __thiscall Shader::setFloat(class std::basic_string<char,struct std::char_traits<char>,class std::allocator<char> > const &,float)const " (?setFloat@Shader@@QBEXABV?$basic_string@DU?$char_traits@D@std@@V?$allocator@D@2@@std@@M@Z)
Shader.obj : error LNK2019: unresolved external symbol __imp____glewLinkProgram referenced in function "public: void __thiscall Shader::setupShader(char const *,char const *)" (?setupShader@Shader@@QAEXPBD0@Z)
Shader.obj : error LNK2019: unresolved external symbol __imp____glewShaderSource referenced in function "public: void __thiscall Shader::setupShader(char const *,char const *)" (?setupShader@Shader@@QAEXPBD0@Z)
Shader.obj : error LNK2019: unresolved external symbol __imp____glewUniform1f referenced in function "public: void __thiscall Shader::setFloat(class std::basic_string<char,struct std::char_traits<char>,class std::allocator<char> > const &,float)const " (?setFloat@Shader@@QBEXABV?$basic_string@DU?$char_traits@D@std@@V?$allocator@D@2@@std@@M@Z)
Shader.obj : error LNK2019: unresolved external symbol __imp____glewUniform1i referenced in function "public: void __thiscall Shader::setInt(class std::basic_string<char,struct std::char_traits<char>,class std::allocator<char> > const &,int)const " (?setInt@Shader@@QBEXABV?$basic_string@DU?$char_traits@D@std@@V?$allocator@D@2@@std@@H@Z)
Shader.obj : error LNK2019: unresolved external symbol __imp____glewUniform3f referenced in function "public: void __thiscall Shader::setVec3(class std::basic_string<char,struct std::char_traits<char>,class std::allocator<char> > const &,float,float,float)const " (?setVec3@Shader@@QBEXABV?$basic_string@DU?$char_traits@D@std@@V?$allocator@D@2@@std@@MMM@Z)
Shader.obj : error LNK2019: unresolved external symbol __imp____glewUniform3fv referenced in function "public: void __thiscall Shader::setVec3(class std::basic_string<char,struct std::char_traits<char>,class std::allocator<char> > const &,struct glm::vec<3,float,0>)const " (?setVec3@Shader@@QBEXABV?$basic_string@DU?$char_traits@D@std@@V?$allocator@D@2@@std@@U?$vec@$02M$0A@@glm@@@Z)
Shader.obj : error LNK2019: unresolved external symbol __imp____glewUniform4fv referenced in function "public: void __thiscall Shader::setVec4(class std::basic_string<char,struct std::char_traits<char>,class std::allocator<char> > const &,struct glm::vec<4,float,0>)const " (?setVec4@Shader@@QBEXABV?$basic_string@DU?$char_traits@D@std@@V?$allocator@D@2@@std@@U?$vec@$03M$0A@@glm@@@Z)
Shader.obj : error LNK2019: unresolved external symbol __imp____glewUniformMatrix4fv referenced in function "public: void __thiscall Shader::setMat4(class std::basic_string<char,struct std::char_traits<char>,class std::allocator<char> > const &,struct glm::mat<4,4,float,0> &)const " (?setMat4@Shader@@QBEXABV?$basic_string@DU?$char_traits@D@std@@V?$allocator@D@2@@std@@AAU?$mat@$03$03M$0A@@glm@@@Z)
Shader.obj : error LNK2019: unresolved external symbol __imp____glewUseProgram referenced in function "public: void __thiscall Shader::setupShader(char const *,char const *)" (?setupShader@Shader@@QAEXPBD0@Z)
Texture.obj : error LNK2019: unresolved external symbol __imp____glewActiveTexture referenced in function "public: void __thiscall Texture::bind(unsigned int)const " (?bind@Texture@@QBEXI@Z)
Texture.obj : error LNK2019: unresolved external symbol __imp____glewGenerateMipmap referenced in function "public: void __thiscall Texture::setupTexture(char const *)" (?setupTexture@Texture@@QAEXPBD@Z)
Dependencies\GLFW\glfw3.lib : warning LNK4272: library machine type 'x64' conflicts with target machine type 'x86'
Dependencies\glew\glew32.lib : warning LNK4272: library machine type 'x64' conflicts with target machine type 'x86'
C:\Users\wrain\source\repos\Asm2\Debug\Asm2.exe : fatal error LNK1120: 35 unresolved externals
